2018-04-04 18:01:54,455-'test'-INFO-now test case1
2018-04-04 18:01:54,455-'test'-INFO-now test post
2018-04-04 18:01:54,465-'test'-INFO-{'root': [{'year': 2001, 'author': '计算机学院', 'digest': '编程基础', 'name': '程序设计', 'id': 45516944}, {'year': 2001, 'author': '计算机学院', 'digest': '编程基础', 'name': '程序设计', 'id': 30737033}, {'year': 222, 'author': '2', 'digest': '223322', 'name': '2', 'id': 66}, {'year': 2001, 'author': '计算机学院', 'digest': '编程基础', 'name': '程序设计', 'id': 66641046}, {'year': 324, 'author': '34234', 'digest': '42', 'name': '243', 'id': 2342}, {'year': 2001, 'author': '计算机学院', 'digest': '编程基础', 'name': '程序设计', 'id': 44241941}, {'year': 4, 'author': '43', 'digest': '34', 'name': '434', 'id': 321431324}, {'year': 345435, 'author': '3345', 'digest': '435', 'name': '24234', 'id': 234234}, {'year': 2001, 'author': '计算机学院', 'digest': '编程基础', 'name': '程序设计', 'id': 64505720}, {'year': 45345, 'author': '5435', 'digest': '435345', 'name': '2341', 'id': 4234}, {'year': 1234, 'author': '23', 'digest': '324', 'name': '153424', 'id': 23423}, {'year': 2001, 'author': '计算机学院', 'digest': '编程基础', 'name': '程序设计', 'id': 6713888}, {'year': 2001, 'author': '计算机学院', 'digest': '编程基础', 'name': '程序设计', 'id': 38567668}, {'year': 2001, 'author': 'Json Gates', 'digest': '编程基础', 'name': 'c++ program', 'id': 5630786}, {'year': 2001, 'author': '计算机学院', 'digest': '编程基础', 'name': '程序设计', 'id': 970085}, {'year': 2001, 'author': '计算机学院', 'digest': '编程基础', 'name': '程序设计', 'id': 14364230}, {'year': 2001, 'author': 'Json Gates', 'digest': '编程基础', 'name': 'c++ program', 'id': 62292774}, {'year': 2001, 'author': '计算机学院', 'digest': '编程基础', 'name': '程序设计', 'id': 18413889}, {'year': 234, 'author': 'ert', 'digest': 'retw', 'name': 'werew', 'id': 324}, {'year': 2001, 'author': 'Json Gates', 'digest': '编程基础', 'name': 'c++ program', 'id': 33010068}, {'year': 2001, 'author': '计算机学院', 'digest': '编程基础', 'name': '程序设计', 'id': 12819148}, {'year': 2001, 'author': 'Json Gates', 'digest': '编程基础', 'name': 'c++ program', 'id': 22212083}, {'year': 5345, 'author': '4524', 'digest': '43523', 'name': '453245', 'id': 2413}, {'year': 2001, 'author': '计算机学院', 'digest': '编程基础', 'name': '程序设计', 'id': 28041377}, {'year': 2001, 'author': '计算机学院', 'digest': '编程基础', 'name': '程序设计', 'id': 368637}, {'year': 2001, 'author': '计算机学院', 'digest': '编程基础', 'name': '程序设计', 'id': 45715933}, {'year': 2001, 'author': '计算机学院', 'digest': '编程基础', 'name': '程序设计', 'id': 6959827}, {'year': 423, 'author': '234', 'digest': '243', 'name': '3242', 'id': 34324}, {'year': 2001, 'author': '计算机学院', 'digest': '编程基础', 'name': '程序设计', 'id': 40996423}, {'year': 2001, 'author': '计算机学院', 'digest': '编程基础', 'name': '程序设计', 'id': 32361683}, {'year': 2001, 'author': '计算机学院', 'digest': '编程基础', 'name': '程序设计', 'id': 22217387}, {'year': 2001, 'author': '计算机学院', 'digest': '编程基础', 'name': '程序设计', 'id': 30103143}, {'year': 2001, 'author': '计算机学院', 'digest': '编程基础', 'name': '程序设计', 'id': 17527896}, {'year': 2001, 'author': '计算机学院', 'digest': '编程基础', 'name': '程序设计', 'id': 32716683}, {'year': 2001, 'author': '计算机学院', 'digest': '编程基础', 'name': '程序设计', 'id': 52967069}, {'year': 2001, 'author': '计算机学院', 'digest': '编程基础', 'name': '程序设计', 'id': 22419059}, {'year': 2001, 'author': '计算机学院', 'digest': '编程基础', 'name': '程序设计', 'id': 13753253}, {'year': 2013, 'author': '赵卓', 'digest': 'Selenium是ThoughtWorks公司开发的Web自动化测试工具。Selenium可以直接在浏览器中运行，支持Windows、Linux和Macintosh平台上的Internet Explorer、Mozilla和Firefox等浏览器，得到了广大Web开发和测试人员的应用。 ', 'name': 'Selenium自动化测试指南', 'id': 5}, {'year': 2001, 'author': '计算机学院', 'digest': '编程基础', 'name': '程序设计', 'id': 55947689}, {'year': 2016, 'author': '詹姆斯・特恩布尔（James Turnbull）', 'digest': 'Docker是一个开源的应用容器引擎，开发者可以利用Docker打包自己的应用以及依赖包到一个可移植的容器中，然后发布到任何流行的Linux机器上，也可以实现虚拟化。', 'name': '第一本Docker书 修订版', 'id': 4}, {'year': 2001, 'author': '计算机学院', 'digest': '编程基础', 'name': '程序设计', 'id': 63205024}, {'year': 2001, 'author': '计算机学院', 'digest': '编程基础', 'name': '程序设计', 'id': 4982658}, {'year': 2011, 'author': '许晓斌', 'digest': '本书是国内第一本公开出版的Maven专著。它内容新颖，基于*发布的Maven 3.0，不仅详尽讲解了Maven 3.0的所有新功能和新特性。', 'name': 'Maven实战', 'id': 3}, {'year': 2016, 'author': 'Craig Walls 沃尔斯', 'digest': '《Spring实战（第4版）》是经典的、畅销的Spring学习和实践指南。 第4版针对Spring 4进行了全面更新。', 'name': 'Spring实战（第4版）', 'id': 2}, {'year': 2016, 'author': '汪云飞', 'digest': '在当今Java EE 开发中，Spring 框架是当之无愧的王者。而Spring Boot 是Spring 主推的基于“习惯优于配置”的原则，让你能够快速搭建应用的框架，从而使得Java EE 开发变得异常简单。', 'name': 'JavaEE开发的颠覆者: Spring Boot实战', 'id': 1}, {'year': 2001, 'author': '计算机学院', 'digest': '编程基础', 'name': '程序设计', 'id': 60576371}, {'year': 2001, 'author': '计算机学院', 'digest': '编程基础', 'name': '程序设计', 'id': 0}, {'year': 2001, 'author': '计算机学院', 'digest': '编程基础', 'name': '程序设计', 'id': 39803575}], 'totalProperty': 48}
2018-04-04 18:01:54,475-'test'-INFO-(<class 'KeyError'>, KeyError('Status'), <traceback object at 0x0000000002D3B848>)
2018-04-04 18:01:54,475-'test'-INFO-now test case2
2018-04-04 18:01:54,475-'test'-INFO-now test post
2018-04-04 18:01:54,475-'test'-INFO-{'timestamp': 1522836114475, 'status': 500, 'error': 'Internal Server Error', 'exception': 'java.lang.NullPointerException', 'message': 'No message available', 'path': '/test/book/addBook'}
2018-04-04 18:01:54,475-'test'-INFO-(<class 'KeyError'>, KeyError('errorNo'), <traceback object at 0x0000000002D2C208>)
2018-04-04 18:01:54,475-'test'-INFO-now test case3
2018-04-04 18:01:54,475-'test'-INFO-now test post
2018-04-04 18:01:54,485-'test'-INFO-{'timestamp': 1522836114485, 'status': 500, 'error': 'Internal Server Error', 'exception': 'java.lang.NullPointerException', 'message': 'No message available', 'path': '/test/book/addBook'}
2018-04-04 18:01:54,485-'test'-INFO-(<class 'KeyError'>, KeyError('errorNo'), <traceback object at 0x0000000002D4F888>)
2018-04-04 18:01:54,485-'test'-INFO-now test case4
2018-04-04 18:01:54,485-'test'-INFO-now test post
2018-04-04 18:01:54,495-'test'-INFO-{'timestamp': 1522836114495, 'status': 500, 'error': 'Internal Server Error', 'exception': 'java.lang.NullPointerException', 'message': 'No message available', 'path': '/test/book/updateBook'}
2018-04-04 18:01:54,495-'test'-INFO-(<class 'KeyError'>, KeyError('errorNo'), <traceback object at 0x0000000002D4F908>)
2018-04-04 18:01:54,495-'test'-INFO-now test case5
2018-04-04 18:01:54,495-'test'-INFO-now test post
2018-04-04 18:01:54,505-'test'-INFO-{'timestamp': 1522836114505, 'status': 500, 'error': 'Internal Server Error', 'exception': 'java.lang.NullPointerException', 'message': 'No message available', 'path': '/test/book/updateBook'}
2018-04-04 18:01:54,505-'test'-INFO-(<class 'KeyError'>, KeyError('errorNo'), <traceback object at 0x0000000002D2C148>)
2018-04-04 18:01:54,505-'test'-INFO-now test case6
2018-04-04 18:01:54,505-'test'-INFO-now test post
2018-04-04 18:01:54,515-'test'-INFO-{'timestamp': 1522836114515, 'status': 500, 'error': 'Internal Server Error', 'exception': 'java.lang.NullPointerException', 'message': 'No message available', 'path': '/test/book/deleteBook'}
2018-04-04 18:01:54,515-'test'-INFO-(<class 'KeyError'>, KeyError('errorNo'), <traceback object at 0x0000000002D3BC08>)
2018-04-04 18:01:54,515-'test'-INFO-now test case7
2018-04-04 18:01:54,515-'test'-INFO-now test post
2018-04-04 18:01:54,525-'test'-INFO-{'timestamp': 1522836114525, 'status': 500, 'error': 'Internal Server Error', 'exception': 'java.lang.NullPointerException', 'message': 'No message available', 'path': '/test/book/deleteBook'}
2018-04-04 18:01:54,525-'test'-INFO-(<class 'KeyError'>, KeyError('errorNo'), <traceback object at 0x0000000002D3BD08>)
